Base path: /Applications/Unity/Unity.app/Contents
Cmd: initializeCompiler
Cmd: compileComputeKernel
  api=14 insize=2059 outsize=2129 ok=1
Cmd: compileComputeKernel
  api=14 insize=2780 outsize=48553 ok=1
Cmd: translateComputeKernel
  api=14 insize=7289 outsize=11297 ok=1
Cmd: compileComputeKernel
  api=14 insize=3182 outsize=6525 ok=1
Cmd: compileComputeKernel
  api=14 insize=9166 outsize=9381 ok=1
Cmd: compileComputeKernel
  api=14 insize=2867 outsize=2021 ok=1
Cmd: translateComputeKernel
  api=14 insize=7429 outsize=3537 ok=1
Cmd: translateComputeKernel
  api=14 insize=2077 outsize=3273 ok=1
Cmd: initializeCompiler
Cmd: compileComputeKernel
  api=14 insize=5004 outsize=5141 ok=1
Cmd: translateComputeKernel
  api=14 insize=11209 outsize=18525 ok=1
Cmd: compileComputeKernel
  api=14 insize=2351 outsize=3245 ok=1
Cmd: translateComputeKernel
  api=14 insize=3245 outsize=5341 ok=1
Cmd: translateComputeKernel
  api=14 insize=8257 outsize=8537 ok=1
Cmd: translateComputeKernel
  api=14 insize=9517 outsize=16301 ok=1
Cmd: translateComputeKernel
  api=14 insize=2001 outsize=3541 ok=1
Cmd: compileComputeKernel
  api=14 insize=1635 outsize=1485 ok=1

Quitting shader compiler process
